[debug] ----------------------------------------------------------------------
[debug] Command:      /usr/local/Cellar/node/5.6.0/bin/node /usr/local/bin/firebase serve
[debug] Platform:     darwin
[debug] Node Version: v5.6.0
[debug] Time:         Mon Mar 07 2016 00:33:07 GMT-0700 (MST)
[debug] ----------------------------------------------------------------------
[debug] 
[info] Listening at http://localhost:5000
[debug] ----------------------------------------------------------------------
[debug] Command:      /usr/local/bin/node /usr/local/bin/firebase serve
[debug] Platform:     darwin
[debug] Node Version: v4.2.4
[debug] Time:         Mon Mar 07 2016 12:45:29 GMT-0700 (MST)
[debug] ----------------------------------------------------------------------
[debug] 
[info] Listening at http://localhost:5000
[debug] ----------------------------------------------------------------------
[debug] Command:      C:\Program Files\nodejs\node.exe C:\Users\Betty\AppData\Roaming\npm\node_modules\firebase-tools\bin\firebase serve
[debug] Platform:     win32
[debug] Node Version: v5.4.0
[debug] Time:         Thu Mar 10 2016 12:38:49 GMT-0700 (Mountain Standard Time)
[debug] ----------------------------------------------------------------------
[debug] 
[info] Listening at http://localhost:5000
